\BOOKMARK [1][-]{section.1}{\376\377\000I\000n\000t\000r\000o\000d\000u\000c\000c\000i\000\363\000n}{}% 1
\BOOKMARK [1][-]{section.2}{\376\377\000E\000s\000t\000r\000u\000c\000t\000u\000r\000a\000\040\000d\000e\000l\000\040\000P\000r\000o\000y\000e\000c\000t\000o}{}% 2
\BOOKMARK [2][-]{subsection.2.1}{\376\377\000C\000o\000m\000p\000i\000l\000a\000c\000i\000\363\000n}{section.2}% 3
\BOOKMARK [2][-]{subsection.2.2}{\376\377\000A\000r\000q\000u\000i\000t\000e\000c\000t\000u\000r\000a\000\040\000p\000o\000r\000\040\000c\000a\000p\000a\000s}{section.2}% 4
\BOOKMARK [1][-]{section.3}{\376\377\000P\000r\000o\000t\000o\000c\000o\000l\000o\000\040\000d\000e\000\040\000C\000o\000m\000u\000n\000i\000c\000a\000c\000i\000\363\000n}{}% 5
\BOOKMARK [2][-]{subsection.3.1}{\376\377\000M\000e\000n\000s\000a\000j\000e\000s\000\040\000d\000e\000l\000\040\000c\000l\000i\000e\000n\000t\000e\000\040\000a\000l\000\040\000s\000e\000r\000v\000i\000d\000o\000r}{section.3}% 6
\BOOKMARK [2][-]{subsection.3.2}{\376\377\000M\000e\000n\000s\000a\000j\000e\000s\000\040\000d\000e\000l\000\040\000s\000e\000r\000v\000i\000d\000o\000r\000\040\000a\000l\000\040\000c\000l\000i\000e\000n\000t\000e}{section.3}% 7
\BOOKMARK [2][-]{subsection.3.3}{\376\377\000C\000\363\000d\000i\000g\000o\000s\000\040\000d\000e\000\040\000e\000r\000r\000o\000r}{section.3}% 8
\BOOKMARK [1][-]{section.4}{\376\377\000D\000i\000s\000e\000\361\000o\000\040\000d\000e\000l\000\040\000S\000e\000r\000v\000i\000d\000o\000r}{}% 9
\BOOKMARK [2][-]{subsection.4.1}{\376\377\000M\000o\000d\000e\000l\000o\000\040\000d\000e\000\040\000c\000o\000n\000c\000u\000r\000r\000e\000n\000c\000i\000a}{section.4}% 10
\BOOKMARK [2][-]{subsection.4.2}{\376\377\000T\000a\000b\000l\000a\000\040\000d\000e\000\040\000c\000l\000i\000e\000n\000t\000e\000s}{section.4}% 11
\BOOKMARK [2][-]{subsection.4.3}{\376\377\000H\000a\000n\000d\000l\000e\000r\000s\000\040\000d\000e\000l\000\040\000p\000r\000o\000t\000o\000c\000o\000l\000o}{section.4}% 12
\BOOKMARK [3][-]{subsubsection.4.3.1}{\376\377\000R\000e\000g\000i\000s\000t\000r\000o\000\040\000\050\000h\000a\000n\000d\000l\000e\000\137\000r\000e\000g\000i\000s\000t\000e\000r\000\051}{subsection.4.3}% 13
\BOOKMARK [3][-]{subsubsection.4.3.2}{\376\377\000B\000r\000o\000a\000d\000c\000a\000s\000t\000i\000n\000g\000\040\000\050\000h\000a\000n\000d\000l\000e\000\137\000b\000r\000o\000a\000d\000c\000a\000s\000t\000\051}{subsection.4.3}% 14
\BOOKMARK [3][-]{subsubsection.4.3.3}{\376\377\000M\000e\000n\000s\000a\000j\000e\000\040\000d\000i\000r\000e\000c\000t\000o\000\040\000\050\000h\000a\000n\000d\000l\000e\000\137\000d\000i\000r\000e\000c\000t\000\051}{subsection.4.3}% 15
\BOOKMARK [3][-]{subsubsection.4.3.4}{\376\377\000D\000e\000s\000c\000o\000n\000e\000x\000i\000\363\000n\000\040\000\050\000h\000a\000n\000d\000l\000e\000\137\000d\000i\000s\000c\000o\000n\000n\000e\000c\000t\000\051}{subsection.4.3}% 16
\BOOKMARK [2][-]{subsection.4.4}{\376\377\000I\000n\000a\000c\000t\000i\000v\000i\000d\000a\000d}{section.4}% 17
\BOOKMARK [1][-]{section.5}{\376\377\000D\000i\000s\000e\000\361\000o\000\040\000d\000e\000l\000\040\000C\000l\000i\000e\000n\000t\000e}{}% 18
\BOOKMARK [2][-]{subsection.5.1}{\376\377\000M\000o\000d\000e\000l\000o\000\040\000d\000e\000\040\000c\000o\000n\000c\000u\000r\000r\000e\000n\000c\000i\000a}{section.5}% 19
\BOOKMARK [2][-]{subsection.5.2}{\376\377\000I\000n\000t\000e\000r\000f\000a\000z\000\040\000n\000c\000u\000r\000s\000e\000s}{section.5}% 20
\BOOKMARK [2][-]{subsection.5.3}{\376\377\000S\000i\000n\000c\000r\000o\000n\000i\000z\000a\000c\000i\000\363\000n\000\040\000e\000n\000\040\000e\000l\000\040\000c\000l\000i\000e\000n\000t\000e}{section.5}% 21
\BOOKMARK [2][-]{subsection.5.4}{\376\377\000C\000o\000m\000a\000n\000d\000o\000s\000\040\000d\000e\000l\000\040\000u\000s\000u\000a\000r\000i\000o}{section.5}% 22
\BOOKMARK [2][-]{subsection.5.5}{\376\377\000F\000r\000a\000m\000i\000n\000g\000\040\000d\000e\000l\000\040\000c\000l\000i\000e\000n\000t\000e}{section.5}% 23
\BOOKMARK [1][-]{section.6}{\376\377\000M\000e\000c\000a\000n\000i\000s\000m\000o\000s\000\040\000d\000e\000\040\000S\000i\000n\000c\000r\000o\000n\000i\000z\000a\000c\000i\000\363\000n}{}% 24
\BOOKMARK [2][-]{subsection.6.1}{\376\377\000R\000e\000a\000d\000-\000W\000r\000i\000t\000e\000\040\000L\000o\000c\000k\000\040\000p\000a\000r\000a\000\040\000l\000a\000\040\000l\000i\000s\000t\000a\000\040\000d\000e\000\040\000u\000s\000u\000a\000r\000i\000o\000s}{section.6}% 25
\BOOKMARK [2][-]{subsection.6.2}{\376\377\000M\000u\000t\000e\000x\000\040\000p\000o\000r\000\040\000s\000o\000c\000k\000e\000t}{section.6}% 26
\BOOKMARK [2][-]{subsection.6.3}{\376\377\000M\000u\000t\000e\000x\000e\000s\000\040\000d\000e\000l\000\040\000c\000l\000i\000e\000n\000t\000e}{section.6}% 27
\BOOKMARK [1][-]{section.7}{\376\377\000C\000o\000n\000d\000i\000c\000i\000o\000n\000e\000s\000\040\000d\000e\000\040\000C\000a\000r\000r\000e\000r\000a}{}% 28
\BOOKMARK [2][-]{subsection.7.1}{\376\377\000C\000o\000n\000d\000i\000c\000i\000\363\000n\000\040\0001\000:\000\040\000R\000e\000g\000i\000s\000t\000r\000o\000\040\000c\000o\000n\000c\000u\000r\000r\000e\000n\000t\000e\000\040\000d\000e\000l\000\040\000m\000i\000s\000m\000o\000\040\000n\000o\000m\000b\000r\000e}{section.7}% 29
\BOOKMARK [2][-]{subsection.7.2}{\376\377\000C\000o\000n\000d\000i\000c\000i\000\363\000n\000\040\0002\000:\000\040\000B\000r\000o\000a\000d\000c\000a\000s\000t\000\040\000c\000o\000n\000c\000u\000r\000r\000e\000n\000t\000e\000\040\000c\000o\000n\000\040\000d\000e\000s\000c\000o\000n\000e\000x\000i\000\363\000n}{section.7}% 30
\BOOKMARK [2][-]{subsection.7.3}{\376\377\000C\000o\000n\000d\000i\000c\000i\000o\000n\000e\000s\000\040\000a\000d\000i\000c\000i\000o\000n\000a\000l\000e\000s\000\040\000a\000t\000e\000n\000d\000i\000d\000a\000s}{section.7}% 31
\BOOKMARK [1][-]{section.8}{\376\377\000E\000v\000a\000l\000u\000a\000c\000i\000\363\000n\000\040\000s\000e\000g\000\372\000n\000\040\000l\000a\000\040\000R\000\372\000b\000r\000i\000c\000a}{}% 32
\BOOKMARK [2][-]{subsection.8.1}{\376\377\000C\000l\000i\000e\000n\000t\000e\000\040\000\050\0003\0000\000\045\000\051}{section.8}% 33
\BOOKMARK [2][-]{subsection.8.2}{\376\377\000S\000e\000r\000v\000i\000d\000o\000r\000\040\000\050\0005\0000\000\045\000\051}{section.8}% 34
\BOOKMARK [2][-]{subsection.8.3}{\376\377\000A\000n\000\341\000l\000i\000s\000i\000s\000\040\000d\000e\000\040\000C\000o\000n\000c\000u\000r\000r\000e\000n\000c\000i\000a\000\040\000\050\0001\0000\000\045\000\051}{section.8}% 35
\BOOKMARK [2][-]{subsection.8.4}{\376\377\000P\000r\000o\000t\000o\000c\000o\000l\000o\000\040\000\050\0001\0000\000\045\000\051}{section.8}% 36
\BOOKMARK [2][-]{subsection.8.5}{\376\377\000R\000e\000s\000u\000m\000e\000n\000\040\000d\000e\000\040\000e\000v\000a\000l\000u\000a\000c\000i\000\363\000n}{section.8}% 37
\BOOKMARK [1][-]{section.9}{\376\377\000L\000i\000m\000i\000t\000a\000c\000i\000o\000n\000e\000s\000\040\000C\000o\000n\000o\000c\000i\000d\000a\000s\000\040\000y\000\040\000C\000a\000s\000o\000s\000\040\000B\000o\000r\000d\000e}{}% 38
\BOOKMARK [2][-]{subsection.9.1}{\376\377\000F\000r\000a\000m\000i\000n\000g\000\040\000i\000n\000c\000o\000m\000p\000l\000e\000t\000o\000\040\000e\000n\000\040\000e\000l\000\040\000s\000e\000r\000v\000i\000d\000o\000r}{section.9}% 39
\BOOKMARK [2][-]{subsection.9.2}{\376\377\000E\000s\000c\000r\000i\000t\000u\000r\000a\000\040\000a\000\040\000s\000o\000c\000k\000e\000t\000\040\000p\000r\000o\000p\000i\000o\000\040\000s\000i\000n\000\040\000m\000u\000t\000e\000x\000\040\000e\000n\000\040\000n\000o\000t\000i\000f\000i\000c\000a\000c\000i\000o\000n\000e\000s}{section.9}% 40
\BOOKMARK [2][-]{subsection.9.3}{\376\377\000D\000o\000b\000l\000e\000\040\000c\000i\000e\000r\000r\000e\000\040\000d\000e\000\040\000f\000i\000l\000e\000\040\000d\000e\000s\000c\000r\000i\000p\000t\000o\000r\000\040\000e\000n\000\040\000d\000e\000s\000c\000o\000n\000e\000x\000i\000\363\000n\000\040\000a\000b\000r\000u\000p\000t\000a}{section.9}% 41
\BOOKMARK [2][-]{subsection.9.4}{\376\377\000E\000s\000c\000r\000i\000t\000u\000r\000a\000\040\000d\000e\000\040\000l\000a\000s\000t\000\137\000a\000c\000t\000i\000v\000e\000\040\000b\000a\000j\000o\000\040\000r\000e\000a\000d\000-\000l\000o\000c\000k}{section.9}% 42
\BOOKMARK [2][-]{subsection.9.5}{\376\377\000U\000s\000o\000\040\000d\000e\000\040\000s\000t\000r\000t\000o\000k\000\040\000\050\000n\000o\000\040\000t\000h\000r\000e\000a\000d\000-\000s\000a\000f\000e\000\051}{section.9}% 43
\BOOKMARK [2][-]{subsection.9.6}{\376\377\000T\000a\000b\000l\000a\000\040\000d\000e\000\040\000c\000l\000i\000e\000n\000t\000e\000s\000\040\000e\000s\000t\000\341\000t\000i\000c\000a}{section.9}% 44
\BOOKMARK [2][-]{subsection.9.7}{\376\377\000R\000e\000s\000u\000m\000e\000n\000\040\000d\000e\000\040\000l\000i\000m\000i\000t\000a\000c\000i\000o\000n\000e\000s}{section.9}% 45
\BOOKMARK [1][-]{section.10}{\376\377\000E\000j\000e\000c\000u\000c\000i\000\363\000n\000\040\000y\000\040\000P\000r\000u\000e\000b\000a\000s}{}% 46
\BOOKMARK [2][-]{subsection.10.1}{\376\377\000E\000j\000e\000c\000u\000c\000i\000\363\000n\000\040\000l\000o\000c\000a\000l}{section.10}% 47
\BOOKMARK [2][-]{subsection.10.2}{\376\377\000E\000j\000e\000c\000u\000c\000i\000\363\000n\000\040\000p\000o\000r\000\040\000E\000t\000h\000e\000r\000n\000e\000t}{section.10}% 48
\BOOKMARK [2][-]{subsection.10.3}{\376\377\000C\000h\000e\000c\000k\000l\000i\000s\000t\000\040\000d\000e\000\040\000p\000r\000u\000e\000b\000a\000s}{section.10}% 49
\BOOKMARK [1][-]{section.11}{\376\377\000C\000o\000n\000c\000l\000u\000s\000i\000o\000n\000e\000s}{}% 50
