This is pdfTeX, Version 3.141592653-2.6-1.40.29 (TeX Live 2026/Arch Linux) (preloaded format=pdflatex 2026.3.9)  15 APR 2026 15:12
entering extended mode
 \write18 enabled.
 file:line:error style messages enabled.
 %&-line parsing enabled.
**Informe_Parte2.tex
(./Informe_Parte2.tex
LaTeX2e <2025-11-01>
L3 programming layer <2026-01-19>
(/usr/share/texmf-dist/tex/latex/base/article.cls
Document Class: article 2025/01/22 v1.4n Standard LaTeX document class
(/usr/share/texmf-dist/tex/latex/base/size12.clo
File: size12.clo 2025/01/22 v1.4n Standard LaTeX file (size option)
)
\c@part=\count275
\c@section=\count276
\c@subsection=\count277
\c@subsubsection=\count278
\c@paragraph=\count279
\c@subparagraph=\count280
\c@figure=\count281
\c@table=\count282
\abovecaptionskip=\skip49
\belowcaptionskip=\skip50
\bibindent=\dimen148
) (/usr/share/texmf-dist/tex/latex/base/inputenc.sty
Package: inputenc 2024/02/08 v1.3d Input encoding file
\inpenc@prehook=\toks17
\inpenc@posthook=\toks18
) (/usr/share/texmf-dist/tex/latex/base/fontenc.sty
Package: fontenc 2025/07/18 v2.1d Standard LaTeX package
) (/usr/share/texmf-dist/tex/generic/babel/babel.sty
Package: babel 2026/02/14 v26.3 The multilingual framework for LuaLaTeX, pdfLaTeX and XeLaTeX
\babel@savecnt=\count283
LaTeX Encoding Info:    Redeclaring text command \ij (encoding OT1) on input line 2078.
LaTeX Encoding Info:    Redeclaring text command \IJ (encoding OT1) on input line 2080.
LaTeX Encoding Info:    Redeclaring text command \ij (encoding T1) on input line 2082.
LaTeX Encoding Info:    Redeclaring text command \IJ (encoding T1) on input line 2083.
LaTeX Encoding Info:    Ignoring declaration for text command \ij (encoding ?) on input line 2084.
LaTeX Encoding Info:    Ignoring declaration for text command \IJ (encoding ?) on input line 2086.
LaTeX Encoding Info:    Ignoring declaration for text command \SS (encoding ?) on input line 2111.
\U@D=\dimen149
\l@unhyphenated=\language8
 (/usr/share/texmf-dist/tex/generic/babel/txtbabel.def)
\bbl@readstream=\read2
\bbl@dirlevel=\count284
 (/usr/share/texmf-dist/tex/generic/babel/locale/es/babel-spanish.tex)
Package babel Info: Importing font and identification data for spanish
(babel)             from babel-es.ini. Reported on input line 4330.
 (/usr/share/texmf-dist/tex/generic/babel-spanish/spanish.ldf
Language: spanish.ldf 2021/05/27 v5.0q Spanish support from the babel system
\es@quottoks=\toks19
\es@quotdepth=\count285
Package babel Info: Making " an active character on input line 570.
Package babel Info: Making . an active character on input line 675.
Package babel Info: Making < an active character on input line 722.
Package babel Info: Making > an active character on input line 722.
))
LaTeX Encoding Info:    Redeclaring text command \guillemotleft (encoding OT1) on input line 7.
LaTeX Encoding Info:    Redeclaring text command \guillemotright (encoding OT1) on input line 7.
 (/usr/share/texmf-dist/tex/latex/geometry/geometry.sty
Package: geometry 2020/01/02 v5.9 Page Geometry
 (/usr/share/texmf-dist/tex/latex/graphics/keyval.sty
Package: keyval 2022/05/29 v1.15 key=value parser (DPC)
\KV@toks@=\toks20
) (/usr/share/texmf-dist/tex/generic/iftex/ifvtex.sty
Package: ifvtex 2019/10/25 v1.7 ifvtex legacy package. Use iftex instead.
 (/usr/share/texmf-dist/tex/generic/iftex/iftex.sty
Package: iftex 2024/12/12 v1.0g TeX engine tests
))
\Gm@cnth=\count286
\Gm@cntv=\count287
\c@Gm@tempcnt=\count288
\Gm@bindingoffset=\dimen150
\Gm@wd@mp=\dimen151
\Gm@odd@mp=\dimen152
\Gm@even@mp=\dimen153
\Gm@layoutwidth=\dimen154
\Gm@layoutheight=\dimen155
\Gm@layouthoffset=\dimen156
\Gm@layoutvoffset=\dimen157
\Gm@dimlist=\toks21
) (/usr/share/texmf-dist/tex/latex/graphics/graphicx.sty
Package: graphicx 2024/12/31 v1.2e Enhanced LaTeX Graphics (DPC,SPQR)
 (/usr/share/texmf-dist/tex/latex/graphics/graphics.sty
Package: graphics 2024/08/06 v1.4g Standard LaTeX Graphics (DPC,SPQR)
 (/usr/share/texmf-dist/tex/latex/graphics/trig.sty
Package: trig 2023/12/02 v1.11 sin cos tan (DPC)
) (/usr/share/texmf-dist/tex/latex/graphics-cfg/graphics.cfg
File: graphics.cfg 2016/06/04 v1.11 sample graphics configuration
)
Package graphics Info: Driver file: pdftex.def on input line 106.
 (/usr/share/texmf-dist/tex/latex/graphics-def/pdftex.def
File: pdftex.def 2025/09/29 v1.2d Graphics/color driver for pdftex
))
\Gin@req@height=\dimen158
\Gin@req@width=\dimen159
) (/usr/share/texmf-dist/tex/latex/hyperref/hyperref.sty
Package: hyperref 2026-01-29 v7.01p Hypertext links for LaTeX
 (/usr/share/texmf-dist/tex/latex/kvsetkeys/kvsetkeys.sty
Package: kvsetkeys 2022-10-05 v1.19 Key value parser (HO)
) (/usr/share/texmf-dist/tex/generic/kvdefinekeys/kvdefinekeys.sty
Package: kvdefinekeys 2019-12-19 v1.6 Define keys (HO)
) (/usr/share/texmf-dist/tex/generic/pdfescape/pdfescape.sty
Package: pdfescape 2019/12/09 v1.15 Implements pdfTeX's escape features (HO)
 (/usr/share/texmf-dist/tex/generic/ltxcmds/ltxcmds.sty
Package: ltxcmds 2023-12-04 v1.26 LaTeX kernel commands for general use (HO)
) (/usr/share/texmf-dist/tex/generic/pdftexcmds/pdftexcmds.sty
Package: pdftexcmds 2020-06-27 v0.33 Utility functions of pdfTeX for LuaTeX (HO)
 (/usr/share/texmf-dist/tex/generic/infwarerr/infwarerr.sty
Package: infwarerr 2019/12/03 v1.5 Providing info/warning/error messages (HO)
)
Package pdftexcmds Info: \pdf@primitive is available.
Package pdftexcmds Info: \pdf@ifprimitive is available.
Package pdftexcmds Info: \pdfdraftmode found.
)) (/usr/share/texmf-dist/tex/latex/hycolor/hycolor.sty
Package: hycolor 2020-01-27 v1.10 Color options for hyperref/bookmark (HO)
) (/usr/share/texmf-dist/tex/latex/hyperref/nameref.sty
Package: nameref 2026-01-29 v2.58 Cross-referencing by name of section
 (/usr/share/texmf-dist/tex/latex/refcount/refcount.sty
Package: refcount 2019/12/15 v3.6 Data extraction from label references (HO)
) (/usr/share/texmf-dist/tex/generic/gettitlestring/gettitlestring.sty
Package: gettitlestring 2019/12/15 v1.6 Cleanup title references (HO)
 (/usr/share/texmf-dist/tex/latex/kvoptions/kvoptions.sty
Package: kvoptions 2022-06-15 v3.15 Key value format for package options (HO)
))
\c@section@level=\count289
) (/usr/share/texmf-dist/tex/latex/etoolbox/etoolbox.sty
Package: etoolbox 2025/10/02 v2.5m e-TeX tools for LaTeX (JAW)
\etb@tempcnta=\count290
) (/usr/share/texmf-dist/tex/generic/stringenc/stringenc.sty
Package: stringenc 2019/11/29 v1.12 Convert strings between diff. encodings (HO)
)
\@linkdim=\dimen160
\Hy@linkcounter=\count291
\Hy@pagecounter=\count292
 (/usr/share/texmf-dist/tex/latex/hyperref/pd1enc.def
File: pd1enc.def 2026-01-29 v7.01p Hyperref: PDFDocEncoding definition (HO)
Now handling font encoding PD1 ...
... no UTF-8 mapping file for font encoding PD1
) (/usr/share/texmf-dist/tex/generic/intcalc/intcalc.sty
Package: intcalc 2019/12/15 v1.3 Expandable calculations with integers (HO)
)
\Hy@SavedSpaceFactor=\count293
 (/usr/share/texmf-dist/tex/latex/hyperref/puenc.def
File: puenc.def 2026-01-29 v7.01p Hyperref: PDF Unicode definition (HO)
Now handling font encoding PU ...
... no UTF-8 mapping file for font encoding PU
)
Package hyperref Info: Hyper figures OFF on input line 4201.
Package hyperref Info: Link nesting OFF on input line 4206.
Package hyperref Info: Hyper index ON on input line 4209.
Package hyperref Info: Plain pages OFF on input line 4216.
Package hyperref Info: Backreferencing OFF on input line 4221.
Package hyperref Info: Implicit mode ON; LaTeX internals redefined.
Package hyperref Info: Bookmarks ON on input line 4468.
\c@Hy@tempcnt=\count294
 (/usr/share/texmf-dist/tex/latex/url/url.sty
\Urlmuskip=\muskip17
Package: url 2013/09/16  ver 3.4  Verb mode for urls, etc.
)
LaTeX Info: Redefining \url on input line 4807.
\XeTeXLinkMargin=\dimen161
 (/usr/share/texmf-dist/tex/generic/bitset/bitset.sty
Package: bitset 2019/12/09 v1.3 Handle bit-vector datatype (HO)

(/usr/share/texmf-dist/tex/generic/bigintcalc/bigintcalc.sty
Package: bigintcalc 2019/12/15 v1.5 Expandable calculations on big integers (HO)
))
\Fld@menulength=\count295
\Field@Width=\dimen162
\Fld@charsize=\dimen163
Package hyperref Info: Hyper figures OFF on input line 6084.
Package hyperref Info: Link nesting OFF on input line 6089.
Package hyperref Info: Hyper index ON on input line 6092.
Package hyperref Info: backreferencing OFF on input line 6099.
Package hyperref Info: Link coloring OFF on input line 6104.
Package hyperref Info: Link coloring with OCG OFF on input line 6109.
Package hyperref Info: PDF/A mode OFF on input line 6114.
\Hy@abspage=\count296
\c@Item=\count297
\c@Hfootnote=\count298
)
Package hyperref Info: Driver (autodetected): hpdftex.
 (/usr/share/texmf-dist/tex/latex/hyperref/hpdftex.def
File: hpdftex.def 2026-01-29 v7.01p Hyperref driver for pdfTeX
\Fld@listcount=\count299
\c@bookmark@seq@number=\count300
 (/usr/share/texmf-dist/tex/latex/rerunfilecheck/rerunfilecheck.sty
Package: rerunfilecheck 2025-06-21 v1.11 Rerun checks for auxiliary files (HO)
 (/usr/share/texmf-dist/tex/generic/uniquecounter/uniquecounter.sty
Package: uniquecounter 2019/12/15 v1.4 Provide unlimited unique counter (HO)
)
Package uniquecounter Info: New unique counter `rerunfilecheck' on input line 284.
)
\Hy@SectionHShift=\skip51
) (/usr/share/texmf-dist/tex/latex/listings/listings.sty
\lst@mode=\count301
\lst@gtempboxa=\box53
\lst@token=\toks22
\lst@length=\count302
\lst@currlwidth=\dimen164
\lst@column=\count303
\lst@pos=\count304
\lst@lostspace=\dimen165
\lst@width=\dimen166
\lst@newlines=\count305
\lst@lineno=\count306
\lst@maxwidth=\dimen167
 (/usr/share/texmf-dist/tex/latex/listings/lstpatch.sty
File: lstpatch.sty 2025/11/14 1.11b (Carsten Heinz)
) (/usr/share/texmf-dist/tex/latex/listings/lstmisc.sty
File: lstmisc.sty 2025/11/14 1.11b (Carsten Heinz)
\c@lstnumber=\count307
\lst@skipnumbers=\count308
\lst@framebox=\box54
) (/usr/share/texmf-dist/tex/latex/listings/listings.cfg
File: listings.cfg 2025/11/14 1.11b listings configuration
))
Package: listings 2025/11/14 1.11b (Carsten Heinz)

==> First Aid for listings.sty no longer applied!
    Expected:
        2024/09/23 1.10c (Carsten Heinz)
    but found:
        2025/11/14 1.11b (Carsten Heinz)
    so I'm assuming it got fixed.
(/usr/share/texmf-dist/tex/latex/xcolor/xcolor.sty
Package: xcolor 2024/09/29 v3.02 LaTeX color extensions (UK)
 (/usr/share/texmf-dist/tex/latex/graphics-cfg/color.cfg
File: color.cfg 2016/01/02 v1.6 sample color configuration
)
Package xcolor Info: Driver file: pdftex.def on input line 274.
 (/usr/share/texmf-dist/tex/latex/graphics/mathcolor.ltx)
Package xcolor Info: Model `cmy' substituted by `cmy0' on input line 1349.
Package xcolor Info: Model `hsb' substituted by `rgb' on input line 1353.
Package xcolor Info: Model `RGB' extended on input line 1365.
Package xcolor Info: Model `HTML' substituted by `rgb' on input line 1367.
Package xcolor Info: Model `Hsb' substituted by `hsb' on input line 1368.
Package xcolor Info: Model `tHsb' substituted by `hsb' on input line 1369.
Package xcolor Info: Model `HSB' substituted by `hsb' on input line 1370.
Package xcolor Info: Model `Gray' substituted by `gray' on input line 1371.
Package xcolor Info: Model `wave' substituted by `hsb' on input line 1372.
) (/usr/share/texmf-dist/tex/latex/booktabs/booktabs.sty
Package: booktabs 2020/01/12 v1.61803398 Publication quality tables
\heavyrulewidth=\dimen168
\lightrulewidth=\dimen169
\cmidrulewidth=\dimen170
\belowrulesep=\dimen171
\belowbottomsep=\dimen172
\aboverulesep=\dimen173
\abovetopsep=\dimen174
\cmidrulesep=\dimen175
\cmidrulekern=\dimen176
\defaultaddspace=\dimen177
\@cmidla=\count309
\@cmidlb=\count310
\@aboverulesep=\dimen178
\@belowrulesep=\dimen179
\@thisruleclass=\count311
\@lastruleclass=\count312
\@thisrulewidth=\dimen180
) (/usr/share/texmf-dist/tex/latex/tools/array.sty
Package: array 2025/09/25 v2.6n Tabular extension package (FMi)
\col@sep=\dimen181
\ar@mcellbox=\box55
\extrarowheight=\dimen182
\NC@list=\toks23
\extratabsurround=\skip52
\backup@length=\skip53
\ar@cellbox=\box56
) (/usr/share/texmf-dist/tex/latex/tools/longtable.sty
Package: longtable 2025-10-13 v4.24 Multi-page Table package (DPC)
\LTleft=\skip54
\LTright=\skip55
\LTpre=\skip56
\LTpost=\skip57
\LTchunksize=\count313
\LTcapwidth=\dimen183
\LT@head=\box57
\LT@firsthead=\box58
\LT@foot=\box59
\LT@lastfoot=\box60
\LT@gbox=\box61
\LT@cols=\count314
\LT@rows=\count315
\c@LT@tables=\count316
\c@LT@chunks=\count317
\LT@p@ftn=\toks24
) (/usr/share/texmf-dist/tex/latex/enumitem/enumitem.sty
Package: enumitem 2025/02/06 v3.11 Customized lists
\labelindent=\skip58
\enit@outerparindent=\dimen184
\enit@toks=\toks25
\enit@inbox=\box62
\enit@count@id=\count318
\enitdp@description=\count319
) (/usr/share/texmf-dist/tex/latex/fancyhdr/fancyhdr.sty
Package: fancyhdr 2025/02/07 v5.2 Extensive control of page headers and footers
\f@nch@headwidth=\skip59
\f@nch@offset@elh=\skip60
\f@nch@offset@erh=\skip61
\f@nch@offset@olh=\skip62
\f@nch@offset@orh=\skip63
\f@nch@offset@elf=\skip64
\f@nch@offset@erf=\skip65
\f@nch@offset@olf=\skip66
\f@nch@offset@orf=\skip67
\f@nch@height=\skip68
\f@nch@footalignment=\skip69
\f@nch@widthL=\skip70
\f@nch@widthC=\skip71
\f@nch@widthR=\skip72
\@temptokenb=\toks26
) (/usr/share/texmf-dist/tex/latex/titlesec/titlesec.sty
Package: titlesec 2025/01/04 v2.17 Sectioning titles
\ttl@box=\box63
\beforetitleunit=\skip73
\aftertitleunit=\skip74
\ttl@plus=\dimen185
\ttl@minus=\dimen186
\ttl@toksa=\toks27
\titlewidth=\dimen187
\titlewidthlast=\dimen188
\titlewidthfirst=\dimen189
) (/usr/share/texmf-dist/tex/latex/caption/caption.sty
Package: caption 2023/08/05 v3.6o Customizing captions (AR)
 (/usr/share/texmf-dist/tex/latex/caption/caption3.sty
Package: caption3 2023/07/31 v2.4d caption3 kernel (AR)
\caption@tempdima=\dimen190
\captionmargin=\dimen191
\caption@leftmargin=\dimen192
\caption@rightmargin=\dimen193
\caption@width=\dimen194
\caption@indent=\dimen195
\caption@parindent=\dimen196
\caption@hangindent=\dimen197
Package caption Info: Standard document class detected.
)
\c@caption@flags=\count320
\c@continuedfloat=\count321
Package caption Info: hyperref package is loaded.
Package caption Info: listings package is loaded.
Package caption Info: longtable package is loaded.
 (/usr/share/texmf-dist/tex/latex/caption/ltcaption.sty
Package: ltcaption 2021/01/08 v1.4c longtable captions (AR)
))
Package hyperref Info: Option `colorlinks' set `true' on input line 26.
 (/usr/share/texmf-dist/tex/latex/listings/lstlang1.sty
File: lstlang1.sty 2025/11/14 1.11b listings language file
) (/usr/share/texmf-dist/tex/latex/listings/lstmisc.sty
File: lstmisc.sty 2025/11/14 1.11b (Carsten Heinz)
) (/usr/share/texmf-dist/tex/latex/l3backend/l3backend-pdftex.def
File: l3backend-pdftex.def 2025-10-09 L3 backend support: PDF output (pdfTeX)
\l__color_backend_stack_int=\count322
) (.tex/Informe_Parte2.aux
LaTeX Info: Redefining \. on input line 11.
LaTeX Info: Redefining \% on input line 11.
Package babel Info: 'spanish' activates 'spanish' shorthands.
(babel)             Reported on input line 11.
)
\openout1 = `Informe_Parte2.aux'.

LaTeX Font Info:    Checking defaults for OML/cmm/m/it on input line 72.
LaTeX Font Info:    ... okay on input line 72.
LaTeX Font Info:    Checking defaults for OMS/cmsy/m/n on input line 72.
LaTeX Font Info:    ... okay on input line 72.
LaTeX Font Info:    Checking defaults for OT1/cmr/m/n on input line 72.
LaTeX Font Info:    ... okay on input line 72.
LaTeX Font Info:    Checking defaults for T1/cmr/m/n on input line 72.
LaTeX Font Info:    ... okay on input line 72.
LaTeX Font Info:    Checking defaults for TS1/cmr/m/n on input line 72.
LaTeX Font Info:    ... okay on input line 72.
LaTeX Font Info:    Checking defaults for OMX/cmex/m/n on input line 72.
LaTeX Font Info:    ... okay on input line 72.
LaTeX Font Info:    Checking defaults for U/cmr/m/n on input line 72.
LaTeX Font Info:    ... okay on input line 72.
LaTeX Font Info:    Checking defaults for PD1/pdf/m/n on input line 72.
LaTeX Font Info:    ... okay on input line 72.
LaTeX Font Info:    Checking defaults for PU/pdf/m/n on input line 72.
LaTeX Font Info:    ... okay on input line 72.
LaTeX Info: Redefining \. on input line 72.
LaTeX Info: Redefining \% on input line 72.

*geometry* driver: auto-detecting
*geometry* detected driver: pdftex
*geometry* verbose mode - [ preamble ] result:
* driver: pdftex
* paper: a4paper
* layout: <same size as paper>
* layoutoffset:(h,v)=(0.0pt,0.0pt)
* modes: 
* h-part:(L,W,R)=(71.13188pt, 455.24411pt, 71.13188pt)
* v-part:(T,H,B)=(71.13188pt, 702.78308pt, 71.13188pt)
* \paperwidth=597.50787pt
* \paperheight=845.04684pt
* \textwidth=455.24411pt
* \textheight=702.78308pt
* \oddsidemargin=-1.1381pt
* \evensidemargin=-1.1381pt
* \topmargin=-41.1381pt
* \headheight=15.0pt
* \headsep=25.0pt
* \topskip=12.0pt
* \footskip=30.0pt
* \marginparwidth=35.0pt
* \marginparsep=10.0pt
* \columnsep=10.0pt
* \skip\footins=10.8pt plus 4.0pt minus 2.0pt
* \hoffset=0.0pt
* \voffset=0.0pt
* \mag=1000
* \@twocolumnfalse
* \@twosidefalse
* \@mparswitchfalse
* \@reversemarginfalse
* (1in=72.27pt=25.4mm, 1cm=28.453pt)

(/usr/share/texmf-dist/tex/context/base/mkii/supp-pdf.mkii
[Loading MPS to PDF converter (version 2006.09.02).]
\scratchcounter=\count323
\scratchdimen=\dimen198
\scratchbox=\box64
\nofMPsegments=\count324
\nofMParguments=\count325
\everyMPshowfont=\toks28
\MPscratchCnt=\count326
\MPscratchDim=\dimen199
\MPnumerator=\count327
\makeMPintoPDFobject=\count328
\everyMPtoPDFconversion=\toks29
) (/usr/share/texmf-dist/tex/latex/epstopdf-pkg/epstopdf-base.sty
Package: epstopdf-base 2020-01-24 v2.11 Base part for package epstopdf
Package epstopdf-base Info: Redefining graphics rule for `.eps' on input line 485.
 (/usr/share/texmf-dist/tex/latex/latexconfig/epstopdf-sys.cfg
File: epstopdf-sys.cfg 2010/07/13 v1.3 Configuration of (r)epstopdf for TeX Live
))
Package hyperref Info: Link coloring ON on input line 72.
 (.tex/Informe_Parte2.out) (.tex/Informe_Parte2.out)
\@outlinefile=\write3
\openout3 = `Informe_Parte2.out'.

\c@lstlisting=\count329
Package caption Info: Begin \AtBeginDocument code.
Package caption Info: End \AtBeginDocument code.
 [1

{/var/lib/texmf/fonts/map/pdftex/updmap/pdftex.map}] (.tex/Informe_Parte2.toc
LaTeX Info: Redefining \. on input line 1.
LaTeX Info: Redefining \% on input line 1.
LaTeX Font Info:    External font `cmex10' loaded for size
(Font)              <12> on input line 4.
LaTeX Font Info:    External font `cmex10' loaded for size
(Font)              <8> on input line 4.
LaTeX Font Info:    External font `cmex10' loaded for size
(Font)              <6> on input line 4.

pdfTeX warning (ext4): destination with the same identifier (name{page.1}) has been already used, duplicate ignored
<to be read again> 
                   \relax 
l.42 ... desconexiĂłn abrupta}{15}{subsection.9.3}
                                                  % [1])
\tf@toc=\write4
\openout4 = `Informe_Parte2.toc'.

 [2]
Package hyperref Info: bookmark level for unknown lstlisting defaults to 0 on input line 118.
 [3]
Underfull \hbox (badness 5331) in paragraph at lines 176--177
[]|\T1/cmr/m/n/12 Lógica del clien-te: \T1/cmtt/m/n/12 recv_thread\T1/cmr/m/n/12 , \T1/cmtt/m/n/12 process_input\T1/cmr/m/n/12 ,
 []

[4]
LaTeX Font Info:    Font shape `T1/cmtt/bx/n' in size <10> not available
(Font)              Font shape `T1/cmtt/m/n' tried instead on input line 277.
 [5]
LaTeX Font Info:    Font shape `T1/cmtt/bx/n' in size <12> not available
(Font)              Font shape `T1/cmtt/m/n' tried instead on input line 316.

Overfull \hbox (4.75034pt too wide) in paragraph at lines 340--343
[]\T1/cmr/m/n/12 Toma read-lock, ite-ra to-dos los clien-tes ac-ti-vos, en-vía a ca-da uno con \T1/cmtt/m/n/12 send_to_client
 []

[6]
Overfull \hbox (3.63678pt too wide) in paragraph at lines 353--355
[]\T1/cmr/m/n/12 Envía \T1/cmtt/m/n/12 SERVER_DIRECT|remitente|mensaje \T1/cmr/m/n/12 al des-ti-na-ta-rio usan-do \T1/cmtt/m/n/12 send_to_client\T1/cmr/m/n/12 . 
 []

[7]
Underfull \hbox (badness 1983) in paragraph at lines 428--429
\T1/cmr/m/n/12 de=propios, ro-jo=errores, ma-gen-ta=DMs,
 []

[8]
Overfull \hbox (8.5355pt too wide) in paragraph at lines 502--504
[]\T1/cmr/bx/n/12 Read-lock \T1/cmr/m/n/12 (\T1/cmtt/m/n/12 pthread_rwlock_rdlock\T1/cmr/m/n/12 ): múl-ti-ples hi-los si-mul-tá-neos. Usa-do por broad-
 []

[9] [10]
Overfull \hbox (22.79736pt too wide) in paragraph at lines 599--602
[]\T1/cmr/bx/n/12 Modificación con-cu-rren-te del es-ta-do: \T1/cmr/m/n/12 un cam-bio de es-ta-do ma-nual (\T1/cmtt/m/n/12 CHANGE_STATUS\T1/cmr/m/n/12 )
 []

LaTeX Font Info:    External font `cmex10' loaded for size
(Font)              <14.4> on input line 610.
LaTeX Font Info:    External font `cmex10' loaded for size
(Font)              <7> on input line 610.

Underfull \hbox (badness 10000) in paragraph at lines 618--619
[]|\T1/cmr/m/n/12 Broadcast fun-cio-nal.
 []


Underfull \hbox (badness 1648) in paragraph at lines 618--619
\T1/cmr/m/n/12 Tex-to sa-ni-ti-za-do. Se
 []


Underfull \hbox (badness 10000) in paragraph at lines 621--622
[]|\T1/cmtt/m/n/12 /dm user msg $\OMS/cmsy/m/n/12 !$
 []


Underfull \hbox (badness 10000) in paragraph at lines 621--622
\T1/cmtt/m/n/12 MSG_DIRECT\T1/cmr/m/n/12 . Eco
 []


Underfull \hbox (badness 10000) in paragraph at lines 621--622
\T1/cmr/m/n/12 lo-cal. Re-cep-ción
 []


Underfull \hbox (badness 2065) in paragraph at lines 624--626
[]|\T1/cmtt/m/n/12 recv_thread \T1/cmr/m/n/12 se-pa-ra-
 []


Underfull \hbox (badness 10000) in paragraph at lines 624--626
\T1/cmr/m/n/12 (UI). Pro-te-gi-do
 []


Underfull \hbox (badness 10000) in paragraph at lines 624--626
\T1/cmr/m/n/12 por \T1/cmtt/m/n/12 log_mutex \T1/cmr/m/n/12 y
 []


Underfull \hbox (badness 10000) in paragraph at lines 628--630
[]|\T1/cmtt/m/n/12 /status \T1/cmr/m/n/12 en-vía
 []


Underfull \hbox (badness 10000) in paragraph at lines 628--630
\T1/cmtt/m/n/12 CHANGE_STATUS\T1/cmr/m/n/12 .
 []


Underfull \hbox (badness 10000) in paragraph at lines 628--630
\T1/cmtt/m/n/12 FORCED_STATUS \T1/cmr/m/n/12 ac-
 []


Underfull \hbox (badness 10000) in paragraph at lines 628--630
\T1/cmr/m/n/12 tua-li-za el clien-te.
 []


Underfull \hbox (badness 3148) in paragraph at lines 628--630
\T1/cmr/m/n/12 Ba-rra de es-ta-do se
 []


Underfull \hbox (badness 2662) in paragraph at lines 651--653
[]|\T1/cmr/m/n/12 Un hi-lo por clien-te
 []


Underfull \hbox (badness 10000) in paragraph at lines 651--653
\T1/cmr/m/n/12 (\T1/cmtt/m/n/12 pthread_create \T1/cmr/m/n/12 +
 []


Underfull \hbox (badness 5878) in paragraph at lines 658--660
[]|\T1/cmr/m/n/12 Grácil (\T1/cmtt/m/n/12 DISCONNECT\T1/cmr/m/n/12 )
 []


Underfull \hbox (badness 10000) in paragraph at lines 658--660
\T1/cmtt/m/n/12 USER_LEFT \T1/cmr/m/n/12 emi-ti-do.
 []


Underfull \hbox (badness 3861) in paragraph at lines 658--660
\T1/cmr/m/n/12 Soc-ket ce-rra-do, slot
 []


Underfull \hbox (badness 10000) in paragraph at lines 665--666
[]|\T1/cmr/m/n/12 Busca des-tino por
 []


Underfull \hbox (badness 10000) in paragraph at lines 668--670
[]|\T1/cmr/m/n/12 Validación de es-
 []


Underfull \hbox (badness 10000) in paragraph at lines 668--670
\T1/cmr/m/n/12 ta-do (error 301).
 []


Underfull \hbox (badness 10000) in paragraph at lines 668--670
\T1/cmr/m/n/12 pa-ra INAC-TI-VO
 []


Underfull \hbox (badness 10000) in paragraph at lines 672--673
[]|\T1/cmtt/m/n/12 handle_list \T1/cmr/m/n/12 y
 []


Underfull \hbox (badness 10000) in paragraph at lines 675--677
[]|\T1/cmtt/m/n/12 pthread_rwlock_t
 []


Underfull \hbox (badness 10000) in paragraph at lines 675--677
\T1/cmr/m/n/12 pa-ra la lis-
 []


Underfull \hbox (badness 10000) in paragraph at lines 675--677
\T1/cmr/m/n/12 ta (jus-ti-fi-ca-do).
 []


Underfull \hbox (badness 10000) in paragraph at lines 675--677
\T1/cmtt/m/n/12 pthread_mutex_t
 []

[11]
Underfull \hbox (badness 2088) in paragraph at lines 690--693
\T1/cmr/m/n/12 bre. RC2: broad-cast
 []


Underfull \hbox (badness 10000) in paragraph at lines 695--697
[]|\T1/cmr/m/n/12 RC1: write-lock
 []


Underfull \hbox (badness 10000) in paragraph at lines 695--697
\T1/cmr/m/n/12 ató-mi-co (ve-ri-fi-
 []


Underfull \hbox (badness 10000) in paragraph at lines 695--697
\T1/cmr/m/n/12 ca+inserta). RC2:
 []


Underfull \hbox (badness 10000) in paragraph at lines 695--697
\T1/cmr/m/n/12 + write-lock pa-ra
 []

[12]
Underfull \hbox (badness 10000) in paragraph at lines 710--713
[]|\T1/cmr/m/n/12 Formato de-fi-ni-do
 []


Underfull \hbox (badness 10000) in paragraph at lines 710--713
\T1/cmr/m/n/12 (\T1/cmtt/m/n/12 TIPO|CAMPO|...\n\T1/cmr/m/n/12 ).
 []


Underfull \hbox (badness 3601) in paragraph at lines 710--713
\T1/cmr/m/n/12 cia en la Par-te 1.
 []


Underfull \hbox (badness 1681) in paragraph at lines 710--713
\T1/cmr/m/n/12 Sa-ni-ti-za-ción de de-li-
 []


Underfull \hbox (badness 1496) in paragraph at lines 710--713
\T1/cmr/m/n/12 mi-ta-dor. Có-di-gos de
 []

[13]
Overfull \hbox (128.76622pt too wide) in paragraph at lines 758--763
[]\T1/cmr/m/n/12 Si TCP en-tre-ga dos men-sa-jes en un mis-mo \T1/cmtt/m/n/12 recv() \T1/cmr/m/n/12 (por ejem-plo, \T1/cmtt/m/n/12 "MSG_BROADCAST|a|hola\nLIST_USERS|a\n"\T1/cmr/m/n/12 ),
 []


Overfull \hbox (49.66875pt too wide) in paragraph at lines 796--799
[]\T1/cmr/bx/n/12 Corrección su-ge-ri-da: \T1/cmr/m/n/12 usar \T1/cmtt/m/n/12 send_to_client \T1/cmr/m/n/12 en lu-gar de \T1/cmtt/m/n/12 send_raw \T1/cmr/m/n/12 den-tro de \T1/cmtt/m/n/12 handle_register
 []

[14]
Overfull \hbox (1.19443pt too wide) in paragraph at lines 820--823
[]\T1/cmr/bx/n/12 Corrección su-ge-ri-da: \T1/cmr/m/n/12 no lla-mar \T1/cmtt/m/n/12 close(fd) \T1/cmr/m/n/12 en el path don-de \T1/cmtt/m/n/12 remove_client_locked
 []

LaTeX Font Info:    Font shape `T1/cmtt/bx/n' in size <14.4> not available
(Font)              Font shape `T1/cmtt/m/n' tried instead on input line 824.
[15]
Overfull \hbox (0.64214pt too wide) in paragraph at lines 878--890
 [] 
 []

[16] [17] (.tex/Informe_Parte2.aux
LaTeX Info: Redefining \. on input line 11.
LaTeX Info: Redefining \% on input line 11.
)
 ***********
LaTeX2e <2025-11-01>
L3 programming layer <2026-01-19>
 ***********
Package rerunfilecheck Info: File `Informe_Parte2.out' has not changed.
(rerunfilecheck)             Checksum: CBFACBC271C0EA69C4A24C6AA7CEF48C;9630.
 ) 
Here is how much of TeX's memory you used:
 15996 strings out of 469412
 247267 string characters out of 5468087
 1052790 words of memory out of 5000000
 44256 multiletter control sequences out of 15000+600000
 642544 words of font info for 69 fonts, out of 8000000 for 9000
 62 hyphenation exceptions out of 8191
 75i,13n,79p,406b,2043s stack positions out of 10000i,1000n,20000p,200000b,200000s
 </home/tono/.texlive/texmf-var/fonts/pk/ljfour/jknappen/ec/ecrm0800.600pk> </home/tono/.texlive/texmf-var/fonts/pk/ljfour/jknappen/ec/ectt1440.600pk> </home/tono/.texlive/texmf-var/fonts/pk/ljfour/jknappen/ec/ecti1200.600pk> </home/tono/.texlive/texmf-var/fonts/pk/ljfour/jknappen/ec/ecit1000.600pk> </home/tono/.texlive/texmf-var/fonts/pk/ljfour/jknappen/ec/ecrm0600.600pk> </home/tono/.texlive/texmf-var/fonts/pk/ljfour/jknappen/ec/ecbx1440.600pk> </home/tono/.texlive/texmf-var/fonts/pk/ljfour/jknappen/ec/ectt1000.600pk> </home/tono/.texlive/texmf-var/fonts/pk/ljfour/jknappen/ec/ectt1200.600pk> </home/tono/.texlive/texmf-var/fonts/pk/ljfour/jknappen/ec/ecrm1200.600pk> </home/tono/.texlive/texmf-var/fonts/pk/ljfour/jknappen/ec/ecbx1200.600pk> </home/tono/.texlive/texmf-var/fonts/pk/ljfour/jknappen/ec/ecbx1728.600pk> </home/tono/.texlive/texmf-var/fonts/pk/ljfour/jknappen/ec/ecrm1095.600pk> </home/tono/.texlive/texmf-var/fonts/pk/ljfour/jknappen/ec/ecrm1728.600pk> </home/tono/.texlive/texmf-var/fonts/pk/ljfour/jknappen/ec/ecbx2488.600pk> </home/tono/.texlive/texmf-var/fonts/pk/ljfour/jknappen/ec/ecrm1440.600pk></usr/share/texmf-dist/fonts/type1/public/amsfonts/cm/cmsy10.pfb>
Output written on .tex/Informe_Parte2.pdf (18 pages, 260674 bytes).
PDF statistics:
 1259 PDF objects out of 1440 (max. 8388607)
 608 compressed objects within 7 object streams
 246 named destinations out of 1000 (max. 500000)
 401 words of extra memory for PDF output out of 10000 (max. 10000000)

